2026-03-21 11:35:56.619: [INFO][Sync] Reset engine, reason: 8
2026-03-21 11:35:56.620: [INFO][Sync] Stopped: Bookmarks
2026-03-21 11:35:56.620: [INFO][Sync] Stopped: Preferences
2026-03-21 11:35:56.620: [INFO][Sync] Stopped: Passwords
2026-03-21 11:35:56.620: [INFO][Sync] Stopped: Autofill Profiles
2026-03-21 11:35:56.620: [INFO][Sync] Stopped: Autofill
2026-03-21 11:35:56.620: [INFO][Sync] Stopped: Extensions
2026-03-21 11:35:56.620: [INFO][Sync] Stopped: Sessions
2026-03-21 11:35:56.620: [INFO][Sync] Stopped: Extension settings
2026-03-21 11:35:56.620: [INFO][Sync] Stopped: History Delete Directives
2026-03-21 11:35:56.620: [INFO][Sync] Stopped: Device Info
2026-03-21 11:35:56.620: [INFO][Sync] Stopped: User Consents
2026-03-21 11:35:56.620: [INFO][Sync] Stopped: Send Tab To Self
2026-03-21 11:35:56.620: [INFO][Sync] Stopped: Web Apps
2026-03-21 11:35:56.620: [INFO][Sync] Stopped: History
2026-03-21 11:35:56.620: [INFO][Sync] Stopped: Saved Tab Group
2026-03-21 11:35:56.620: [INFO][Sync] Stopped: WebAuthn Credentials
2026-03-21 11:35:56.620: [INFO][Sync] Stopped: Collection
2026-03-21 11:35:56.620: [INFO][Sync] Stopped: Edge E Drop
2026-03-21 11:35:56.620: [INFO][Sync] Stopped: Edge Hub App Usage
2026-03-21 11:35:56.620: [INFO][Sync] Stopped: Edge Wallet
2026-03-21 11:35:56.620: [INFO][Sync] Stopped: Edge Workspace
2026-03-21 11:35:56.620: [INFO][Sync] SyncState after authenticated was: NotSignedIn
2026-03-21 11:35:57.073: [INFO][Sync] Reset engine, reason: 8
2026-03-21 11:35:57.073: [INFO][Sync] Stopped: Bookmarks
2026-03-21 11:35:57.073: [INFO][Sync] Stopped: Preferences
2026-03-21 11:35:57.073: [INFO][Sync] Stopped: Passwords
2026-03-21 11:35:57.073: [INFO][Sync] Stopped: Autofill Profiles
2026-03-21 11:35:57.073: [INFO][Sync] Stopped: Autofill
2026-03-21 11:35:57.073: [INFO][Sync] Stopped: Extensions
2026-03-21 11:35:57.073: [INFO][Sync] Stopped: Sessions
2026-03-21 11:35:57.073: [INFO][Sync] Stopped: Extension settings
2026-03-21 11:35:57.073: [INFO][Sync] Stopped: History Delete Directives
2026-03-21 11:35:57.073: [INFO][Sync] Stopped: Device Info
2026-03-21 11:35:57.073: [INFO][Sync] Stopped: User Consents
2026-03-21 11:35:57.073: [INFO][Sync] Stopped: Send Tab To Self
2026-03-21 11:35:57.073: [INFO][Sync] Stopped: Web Apps
2026-03-21 11:35:57.073: [INFO][Sync] Stopped: History
2026-03-21 11:35:57.073: [INFO][Sync] Stopped: Saved Tab Group
2026-03-21 11:35:57.073: [INFO][Sync] Stopped: WebAuthn Credentials
2026-03-21 11:35:57.073: [INFO][Sync] Stopped: Collection
2026-03-21 11:35:57.073: [INFO][Sync] Stopped: Edge E Drop
2026-03-21 11:35:57.073: [INFO][Sync] Stopped: Edge Hub App Usage
2026-03-21 11:35:57.073: [INFO][Sync] Stopped: Edge Wallet
2026-03-21 11:35:57.073: [INFO][Sync] Stopped: Edge Workspace
2026-03-21 11:36:20.058: [INFO][Sync] Reset engine, reason: 0
2026-03-21 12:18:41.901: [INFO][Sync] SyncState after authenticated was: FeatureNotSetup
2026-03-21 12:19:07.640: [INFO][Sync] Reset engine, reason: 0
2026-03-21 12:21:26.556: [INFO][Sync] Reset engine, reason: 8
2026-03-21 12:21:26.556: [INFO][Sync] Stopped: Bookmarks
2026-03-21 12:21:26.556: [INFO][Sync] Stopped: Preferences
2026-03-21 12:21:26.556: [INFO][Sync] Stopped: Passwords
2026-03-21 12:21:26.556: [INFO][Sync] Stopped: Autofill Profiles
2026-03-21 12:21:26.556: [INFO][Sync] Stopped: Autofill
2026-03-21 12:21:26.556: [INFO][Sync] Stopped: Extensions
2026-03-21 12:21:26.556: [INFO][Sync] Stopped: Sessions
2026-03-21 12:21:26.556: [INFO][Sync] Stopped: Extension settings
2026-03-21 12:21:26.556: [INFO][Sync] Stopped: History Delete Directives
2026-03-21 12:21:26.556: [INFO][Sync] Stopped: Device Info
2026-03-21 12:21:26.556: [INFO][Sync] Stopped: User Consents
2026-03-21 12:21:26.556: [INFO][Sync] Stopped: Send Tab To Self
2026-03-21 12:21:26.556: [INFO][Sync] Stopped: Web Apps
2026-03-21 12:21:26.556: [INFO][Sync] Stopped: History
2026-03-21 12:21:26.557: [INFO][Sync] Stopped: Saved Tab Group
2026-03-21 12:21:26.557: [INFO][Sync] Stopped: WebAuthn Credentials
2026-03-21 12:21:26.557: [INFO][Sync] Stopped: Collection
2026-03-21 12:21:26.557: [INFO][Sync] Stopped: Edge E Drop
2026-03-21 12:21:26.557: [INFO][Sync] Stopped: Edge Hub App Usage
2026-03-21 12:21:26.557: [INFO][Sync] Stopped: Edge Wallet
2026-03-21 12:21:26.557: [INFO][Sync] Stopped: Edge Workspace
2026-03-21 12:21:26.557: [INFO][Sync] SyncState after authenticated was: NotSignedIn
2026-03-21 12:21:27.032: [INFO][Sync] Reset engine, reason: 8
2026-03-21 12:21:27.032: [INFO][Sync] Stopped: Bookmarks
2026-03-21 12:21:27.032: [INFO][Sync] Stopped: Preferences
2026-03-21 12:21:27.032: [INFO][Sync] Stopped: Passwords
2026-03-21 12:21:27.032: [INFO][Sync] Stopped: Autofill Profiles
2026-03-21 12:21:27.032: [INFO][Sync] Stopped: Autofill
2026-03-21 12:21:27.032: [INFO][Sync] Stopped: Extensions
2026-03-21 12:21:27.032: [INFO][Sync] Stopped: Sessions
2026-03-21 12:21:27.032: [INFO][Sync] Stopped: Extension settings
2026-03-21 12:21:27.032: [INFO][Sync] Stopped: History Delete Directives
2026-03-21 12:21:27.032: [INFO][Sync] Stopped: Device Info
2026-03-21 12:21:27.032: [INFO][Sync] Stopped: User Consents
2026-03-21 12:21:27.032: [INFO][Sync] Stopped: Send Tab To Self
2026-03-21 12:21:27.032: [INFO][Sync] Stopped: Web Apps
2026-03-21 12:21:27.032: [INFO][Sync] Stopped: History
2026-03-21 12:21:27.032: [INFO][Sync] Stopped: Saved Tab Group
2026-03-21 12:21:27.032: [INFO][Sync] Stopped: WebAuthn Credentials
2026-03-21 12:21:27.032: [INFO][Sync] Stopped: Collection
2026-03-21 12:21:27.032: [INFO][Sync] Stopped: Edge E Drop
2026-03-21 12:21:27.032: [INFO][Sync] Stopped: Edge Hub App Usage
2026-03-21 12:21:27.032: [INFO][Sync] Stopped: Edge Wallet
2026-03-21 12:21:27.032: [INFO][Sync] Stopped: Edge Workspace
2026-03-21 12:22:25.701: [INFO][Sync] Reset engine, reason: 0
2026-03-21 13:14:16.584: [INFO][Sync] SyncState after authenticated was: FeatureNotSetup
2026-03-21 13:17:23.430: [INFO][Sync] Reset engine, reason: 0
2026-03-21 13:46:03.648: [INFO][Sync] Reset engine, reason: 8
2026-03-21 13:46:03.648: [INFO][Sync] Stopped: Bookmarks
2026-03-21 13:46:03.648: [INFO][Sync] Stopped: Preferences
2026-03-21 13:46:03.648: [INFO][Sync] Stopped: Passwords
2026-03-21 13:46:03.648: [INFO][Sync] Stopped: Autofill Profiles
2026-03-21 13:46:03.648: [INFO][Sync] Stopped: Autofill
2026-03-21 13:46:03.648: [INFO][Sync] Stopped: Extensions
2026-03-21 13:46:03.648: [INFO][Sync] Stopped: Sessions
2026-03-21 13:46:03.648: [INFO][Sync] Stopped: Extension settings
2026-03-21 13:46:03.648: [INFO][Sync] Stopped: History Delete Directives
2026-03-21 13:46:03.648: [INFO][Sync] Stopped: Device Info
2026-03-21 13:46:03.648: [INFO][Sync] Stopped: User Consents
2026-03-21 13:46:03.648: [INFO][Sync] Stopped: Send Tab To Self
2026-03-21 13:46:03.648: [INFO][Sync] Stopped: Web Apps
2026-03-21 13:46:03.648: [INFO][Sync] Stopped: History
2026-03-21 13:46:03.648: [INFO][Sync] Stopped: Saved Tab Group
2026-03-21 13:46:03.648: [INFO][Sync] Stopped: WebAuthn Credentials
2026-03-21 13:46:03.648: [INFO][Sync] Stopped: Collection
2026-03-21 13:46:03.648: [INFO][Sync] Stopped: Edge E Drop
2026-03-21 13:46:03.648: [INFO][Sync] Stopped: Edge Hub App Usage
2026-03-21 13:46:03.648: [INFO][Sync] Stopped: Edge Wallet
2026-03-21 13:46:03.648: [INFO][Sync] Stopped: Edge Workspace
2026-03-21 13:46:03.648: [INFO][Sync] SyncState after authenticated was: NotSignedIn
2026-03-21 13:46:03.984: [INFO][Sync] Reset engine, reason: 8
2026-03-21 13:46:03.984: [INFO][Sync] Stopped: Bookmarks
2026-03-21 13:46:03.984: [INFO][Sync] Stopped: Preferences
2026-03-21 13:46:03.984: [INFO][Sync] Stopped: Passwords
2026-03-21 13:46:03.984: [INFO][Sync] Stopped: Autofill Profiles
2026-03-21 13:46:03.984: [INFO][Sync] Stopped: Autofill
2026-03-21 13:46:03.984: [INFO][Sync] Stopped: Extensions
2026-03-21 13:46:03.984: [INFO][Sync] Stopped: Sessions
2026-03-21 13:46:03.984: [INFO][Sync] Stopped: Extension settings
2026-03-21 13:46:03.984: [INFO][Sync] Stopped: History Delete Directives
2026-03-21 13:46:03.984: [INFO][Sync] Stopped: Device Info
2026-03-21 13:46:03.984: [INFO][Sync] Stopped: User Consents
2026-03-21 13:46:03.984: [INFO][Sync] Stopped: Send Tab To Self
2026-03-21 13:46:03.984: [INFO][Sync] Stopped: Web Apps
2026-03-21 13:46:03.984: [INFO][Sync] Stopped: History
2026-03-21 13:46:03.984: [INFO][Sync] Stopped: Saved Tab Group
2026-03-21 13:46:03.984: [INFO][Sync] Stopped: WebAuthn Credentials
2026-03-21 13:46:03.984: [INFO][Sync] Stopped: Collection
2026-03-21 13:46:03.984: [INFO][Sync] Stopped: Edge E Drop
2026-03-21 13:46:03.984: [INFO][Sync] Stopped: Edge Hub App Usage
2026-03-21 13:46:03.984: [INFO][Sync] Stopped: Edge Wallet
2026-03-21 13:46:03.984: [INFO][Sync] Stopped: Edge Workspace
2026-03-21 14:33:57.255: [INFO][Sync] Reset engine, reason: 0
2026-03-21 17:46:31.410: [INFO][Sync] SyncState after authenticated was: FeatureNotSetup
2026-03-21 18:07:13.327: [INFO][Sync] Reset engine, reason: 0
2026-03-21 18:08:19.390: [INFO][Sync] Reset engine, reason: 8
2026-03-21 18:08:19.390: [INFO][Sync] Stopped: Bookmarks
2026-03-21 18:08:19.390: [INFO][Sync] Stopped: Preferences
2026-03-21 18:08:19.390: [INFO][Sync] Stopped: Passwords
2026-03-21 18:08:19.390: [INFO][Sync] Stopped: Autofill Profiles
2026-03-21 18:08:19.390: [INFO][Sync] Stopped: Autofill
2026-03-21 18:08:19.390: [INFO][Sync] Stopped: Extensions
2026-03-21 18:08:19.390: [INFO][Sync] Stopped: Sessions
2026-03-21 18:08:19.390: [INFO][Sync] Stopped: Extension settings
2026-03-21 18:08:19.391: [INFO][Sync] Stopped: History Delete Directives
2026-03-21 18:08:19.391: [INFO][Sync] Stopped: Device Info
2026-03-21 18:08:19.391: [INFO][Sync] Stopped: User Consents
2026-03-21 18:08:19.391: [INFO][Sync] Stopped: Send Tab To Self
2026-03-21 18:08:19.391: [INFO][Sync] Stopped: Web Apps
2026-03-21 18:08:19.391: [INFO][Sync] Stopped: History
2026-03-21 18:08:19.391: [INFO][Sync] Stopped: Saved Tab Group
2026-03-21 18:08:19.391: [INFO][Sync] Stopped: WebAuthn Credentials
2026-03-21 18:08:19.391: [INFO][Sync] Stopped: Collection
2026-03-21 18:08:19.391: [INFO][Sync] Stopped: Edge E Drop
2026-03-21 18:08:19.391: [INFO][Sync] Stopped: Edge Hub App Usage
2026-03-21 18:08:19.391: [INFO][Sync] Stopped: Edge Wallet
2026-03-21 18:08:19.391: [INFO][Sync] Stopped: Edge Workspace
2026-03-21 18:08:19.391: [INFO][Sync] SyncState after authenticated was: NotSignedIn
2026-03-21 18:08:19.819: [INFO][Sync] Reset engine, reason: 8
2026-03-21 18:08:19.819: [INFO][Sync] Stopped: Bookmarks
2026-03-21 18:08:19.819: [INFO][Sync] Stopped: Preferences
2026-03-21 18:08:19.819: [INFO][Sync] Stopped: Passwords
2026-03-21 18:08:19.819: [INFO][Sync] Stopped: Autofill Profiles
2026-03-21 18:08:19.819: [INFO][Sync] Stopped: Autofill
2026-03-21 18:08:19.819: [INFO][Sync] Stopped: Extensions
2026-03-21 18:08:19.819: [INFO][Sync] Stopped: Sessions
2026-03-21 18:08:19.819: [INFO][Sync] Stopped: Extension settings
2026-03-21 18:08:19.819: [INFO][Sync] Stopped: History Delete Directives
2026-03-21 18:08:19.819: [INFO][Sync] Stopped: Device Info
2026-03-21 18:08:19.819: [INFO][Sync] Stopped: User Consents
2026-03-21 18:08:19.819: [INFO][Sync] Stopped: Send Tab To Self
2026-03-21 18:08:19.819: [INFO][Sync] Stopped: Web Apps
2026-03-21 18:08:19.819: [INFO][Sync] Stopped: History
2026-03-21 18:08:19.819: [INFO][Sync] Stopped: Saved Tab Group
2026-03-21 18:08:19.819: [INFO][Sync] Stopped: WebAuthn Credentials
2026-03-21 18:08:19.820: [INFO][Sync] Stopped: Collection
2026-03-21 18:08:19.820: [INFO][Sync] Stopped: Edge E Drop
2026-03-21 18:08:19.820: [INFO][Sync] Stopped: Edge Hub App Usage
2026-03-21 18:08:19.820: [INFO][Sync] Stopped: Edge Wallet
2026-03-21 18:08:19.820: [INFO][Sync] Stopped: Edge Workspace
2026-03-21 18:11:01.413: [INFO][Sync] Reset engine, reason: 0
2026-03-21 18:12:40.887: [INFO][Sync] SyncState after authenticated was: FeatureNotSetup
2026-03-21 18:15:16.175: [INFO][Sync] Reset engine, reason: 0
2026-03-21 18:16:18.011: [INFO][Sync] Reset engine, reason: 8
2026-03-21 18:16:18.011: [INFO][Sync] Stopped: Bookmarks
2026-03-21 18:16:18.011: [INFO][Sync] Stopped: Preferences
2026-03-21 18:16:18.011: [INFO][Sync] Stopped: Passwords
2026-03-21 18:16:18.011: [INFO][Sync] Stopped: Autofill Profiles
2026-03-21 18:16:18.011: [INFO][Sync] Stopped: Autofill
2026-03-21 18:16:18.011: [INFO][Sync] Stopped: Extensions
2026-03-21 18:16:18.011: [INFO][Sync] Stopped: Sessions
2026-03-21 18:16:18.011: [INFO][Sync] Stopped: Extension settings
2026-03-21 18:16:18.011: [INFO][Sync] Stopped: History Delete Directives
2026-03-21 18:16:18.011: [INFO][Sync] Stopped: Device Info
2026-03-21 18:16:18.011: [INFO][Sync] Stopped: User Consents
2026-03-21 18:16:18.011: [INFO][Sync] Stopped: Send Tab To Self
2026-03-21 18:16:18.011: [INFO][Sync] Stopped: Web Apps
2026-03-21 18:16:18.011: [INFO][Sync] Stopped: History
2026-03-21 18:16:18.011: [INFO][Sync] Stopped: Saved Tab Group
2026-03-21 18:16:18.011: [INFO][Sync] Stopped: WebAuthn Credentials
2026-03-21 18:16:18.011: [INFO][Sync] Stopped: Collection
2026-03-21 18:16:18.011: [INFO][Sync] Stopped: Edge E Drop
2026-03-21 18:16:18.012: [INFO][Sync] Stopped: Edge Hub App Usage
2026-03-21 18:16:18.012: [INFO][Sync] Stopped: Edge Wallet
2026-03-21 18:16:18.012: [INFO][Sync] Stopped: Edge Workspace
2026-03-21 18:16:18.012: [INFO][Sync] SyncState after authenticated was: NotSignedIn
2026-03-21 18:16:18.547: [INFO][Sync] Reset engine, reason: 8
2026-03-21 18:16:18.547: [INFO][Sync] Stopped: Bookmarks
2026-03-21 18:16:18.547: [INFO][Sync] Stopped: Preferences
2026-03-21 18:16:18.547: [INFO][Sync] Stopped: Passwords
2026-03-21 18:16:18.547: [INFO][Sync] Stopped: Autofill Profiles
2026-03-21 18:16:18.547: [INFO][Sync] Stopped: Autofill
2026-03-21 18:16:18.547: [INFO][Sync] Stopped: Extensions
2026-03-21 18:16:18.547: [INFO][Sync] Stopped: Sessions
2026-03-21 18:16:18.547: [INFO][Sync] Stopped: Extension settings
2026-03-21 18:16:18.547: [INFO][Sync] Stopped: History Delete Directives
2026-03-21 18:16:18.547: [INFO][Sync] Stopped: Device Info
2026-03-21 18:16:18.547: [INFO][Sync] Stopped: User Consents
2026-03-21 18:16:18.547: [INFO][Sync] Stopped: Send Tab To Self
2026-03-21 18:16:18.547: [INFO][Sync] Stopped: Web Apps
2026-03-21 18:16:18.547: [INFO][Sync] Stopped: History
2026-03-21 18:16:18.547: [INFO][Sync] Stopped: Saved Tab Group
2026-03-21 18:16:18.547: [INFO][Sync] Stopped: WebAuthn Credentials
2026-03-21 18:16:18.547: [INFO][Sync] Stopped: Collection
2026-03-21 18:16:18.547: [INFO][Sync] Stopped: Edge E Drop
2026-03-21 18:16:18.547: [INFO][Sync] Stopped: Edge Hub App Usage
2026-03-21 18:16:18.547: [INFO][Sync] Stopped: Edge Wallet
2026-03-21 18:16:18.547: [INFO][Sync] Stopped: Edge Workspace
2026-03-21 18:22:57.110: [INFO][Sync] Reset engine, reason: 0
2026-03-21 18:23:50.397: [INFO][Sync] SyncState after authenticated was: FeatureNotSetup
2026-03-21 18:52:45.943: [INFO][Sync] Reset engine, reason: 0
2026-03-22 11:24:08.732: [INFO][Sync] Reset engine, reason: 8
2026-03-22 11:24:08.732: [INFO][Sync] Stopped: Bookmarks
2026-03-22 11:24:08.732: [INFO][Sync] Stopped: Preferences
2026-03-22 11:24:08.732: [INFO][Sync] Stopped: Passwords
2026-03-22 11:24:08.732: [INFO][Sync] Stopped: Autofill Profiles
2026-03-22 11:24:08.732: [INFO][Sync] Stopped: Autofill
2026-03-22 11:24:08.732: [INFO][Sync] Stopped: Extensions
2026-03-22 11:24:08.732: [INFO][Sync] Stopped: Sessions
2026-03-22 11:24:08.732: [INFO][Sync] Stopped: Extension settings
2026-03-22 11:24:08.732: [INFO][Sync] Stopped: History Delete Directives
2026-03-22 11:24:08.732: [INFO][Sync] Stopped: Device Info
2026-03-22 11:24:08.732: [INFO][Sync] Stopped: User Consents
2026-03-22 11:24:08.732: [INFO][Sync] Stopped: Send Tab To Self
2026-03-22 11:24:08.732: [INFO][Sync] Stopped: Web Apps
2026-03-22 11:24:08.732: [INFO][Sync] Stopped: History
2026-03-22 11:24:08.732: [INFO][Sync] Stopped: Saved Tab Group
2026-03-22 11:24:08.732: [INFO][Sync] Stopped: WebAuthn Credentials
2026-03-22 11:24:08.732: [INFO][Sync] Stopped: Collection
2026-03-22 11:24:08.732: [INFO][Sync] Stopped: Edge E Drop
2026-03-22 11:24:08.732: [INFO][Sync] Stopped: Edge Hub App Usage
2026-03-22 11:24:08.732: [INFO][Sync] Stopped: Edge Wallet
2026-03-22 11:24:08.732: [INFO][Sync] Stopped: Edge Workspace
2026-03-22 11:24:08.732: [INFO][Sync] SyncState after authenticated was: NotSignedIn
2026-03-22 11:24:09.020: [INFO][Sync] Reset engine, reason: 8
2026-03-22 11:24:09.020: [INFO][Sync] Stopped: Bookmarks
2026-03-22 11:24:09.020: [INFO][Sync] Stopped: Preferences
2026-03-22 11:24:09.020: [INFO][Sync] Stopped: Passwords
2026-03-22 11:24:09.020: [INFO][Sync] Stopped: Autofill Profiles
2026-03-22 11:24:09.020: [INFO][Sync] Stopped: Autofill
2026-03-22 11:24:09.020: [INFO][Sync] Stopped: Extensions
2026-03-22 11:24:09.020: [INFO][Sync] Stopped: Sessions
2026-03-22 11:24:09.020: [INFO][Sync] Stopped: Extension settings
2026-03-22 11:24:09.020: [INFO][Sync] Stopped: History Delete Directives
2026-03-22 11:24:09.020: [INFO][Sync] Stopped: Device Info
2026-03-22 11:24:09.020: [INFO][Sync] Stopped: User Consents
2026-03-22 11:24:09.020: [INFO][Sync] Stopped: Send Tab To Self
2026-03-22 11:24:09.020: [INFO][Sync] Stopped: Web Apps
2026-03-22 11:24:09.020: [INFO][Sync] Stopped: History
2026-03-22 11:24:09.020: [INFO][Sync] Stopped: Saved Tab Group
2026-03-22 11:24:09.020: [INFO][Sync] Stopped: WebAuthn Credentials
2026-03-22 11:24:09.020: [INFO][Sync] Stopped: Collection
2026-03-22 11:24:09.020: [INFO][Sync] Stopped: Edge E Drop
2026-03-22 11:24:09.020: [INFO][Sync] Stopped: Edge Hub App Usage
2026-03-22 11:24:09.020: [INFO][Sync] Stopped: Edge Wallet
2026-03-22 11:24:09.020: [INFO][Sync] Stopped: Edge Workspace
2026-03-22 11:25:59.421: [INFO][Sync] Reset engine, reason: 0
2026-03-22 11:26:40.456: [INFO][Sync] SyncState after authenticated was: FeatureNotSetup
2026-03-23 16:40:47.778: [INFO][Sync] Reset engine, reason: 0
2026-03-23 16:52:11.764: [INFO][Sync] Reset engine, reason: 8
2026-03-23 16:52:11.764: [INFO][Sync] Stopped: Bookmarks
2026-03-23 16:52:11.764: [INFO][Sync] Stopped: Preferences
2026-03-23 16:52:11.764: [INFO][Sync] Stopped: Passwords
2026-03-23 16:52:11.764: [INFO][Sync] Stopped: Autofill Profiles
2026-03-23 16:52:11.764: [INFO][Sync] Stopped: Autofill
2026-03-23 16:52:11.764: [INFO][Sync] Stopped: Extensions
2026-03-23 16:52:11.764: [INFO][Sync] Stopped: Sessions
2026-03-23 16:52:11.764: [INFO][Sync] Stopped: Extension settings
2026-03-23 16:52:11.764: [INFO][Sync] Stopped: History Delete Directives
2026-03-23 16:52:11.764: [INFO][Sync] Stopped: Device Info
2026-03-23 16:52:11.764: [INFO][Sync] Stopped: User Consents
2026-03-23 16:52:11.764: [INFO][Sync] Stopped: Send Tab To Self
2026-03-23 16:52:11.764: [INFO][Sync] Stopped: Web Apps
2026-03-23 16:52:11.764: [INFO][Sync] Stopped: History
2026-03-23 16:52:11.764: [INFO][Sync] Stopped: Saved Tab Group
2026-03-23 16:52:11.764: [INFO][Sync] Stopped: WebAuthn Credentials
2026-03-23 16:52:11.764: [INFO][Sync] Stopped: Collection
2026-03-23 16:52:11.764: [INFO][Sync] Stopped: Edge E Drop
2026-03-23 16:52:11.764: [INFO][Sync] Stopped: Edge Hub App Usage
2026-03-23 16:52:11.764: [INFO][Sync] Stopped: Edge Wallet
2026-03-23 16:52:11.764: [INFO][Sync] Stopped: Edge Workspace
2026-03-23 16:52:11.765: [INFO][Sync] SyncState after authenticated was: NotSignedIn
2026-03-23 16:52:12.053: [INFO][Sync] Reset engine, reason: 8
2026-03-23 16:52:12.053: [INFO][Sync] Stopped: Bookmarks
2026-03-23 16:52:12.053: [INFO][Sync] Stopped: Preferences
2026-03-23 16:52:12.053: [INFO][Sync] Stopped: Passwords
2026-03-23 16:52:12.053: [INFO][Sync] Stopped: Autofill Profiles
2026-03-23 16:52:12.053: [INFO][Sync] Stopped: Autofill
2026-03-23 16:52:12.053: [INFO][Sync] Stopped: Extensions
2026-03-23 16:52:12.053: [INFO][Sync] Stopped: Sessions
2026-03-23 16:52:12.053: [INFO][Sync] Stopped: Extension settings
2026-03-23 16:52:12.053: [INFO][Sync] Stopped: History Delete Directives
2026-03-23 16:52:12.053: [INFO][Sync] Stopped: Device Info
2026-03-23 16:52:12.053: [INFO][Sync] Stopped: User Consents
2026-03-23 16:52:12.053: [INFO][Sync] Stopped: Send Tab To Self
2026-03-23 16:52:12.053: [INFO][Sync] Stopped: Web Apps
2026-03-23 16:52:12.053: [INFO][Sync] Stopped: History
2026-03-23 16:52:12.053: [INFO][Sync] Stopped: Saved Tab Group
2026-03-23 16:52:12.053: [INFO][Sync] Stopped: WebAuthn Credentials
2026-03-23 16:52:12.053: [INFO][Sync] Stopped: Collection
2026-03-23 16:52:12.053: [INFO][Sync] Stopped: Edge E Drop
2026-03-23 16:52:12.053: [INFO][Sync] Stopped: Edge Hub App Usage
2026-03-23 16:52:12.053: [INFO][Sync] Stopped: Edge Wallet
2026-03-23 16:52:12.053: [INFO][Sync] Stopped: Edge Workspace
2026-03-23 16:53:19.888: [INFO][Sync] Reset engine, reason: 0
2026-03-23 17:13:41.251: [INFO][Sync] SyncState after authenticated was: FeatureNotSetup
2026-03-23 18:14:32.162: [INFO][Sync] Reset engine, reason: 0
2026-03-23 18:46:13.249: [INFO][Sync] Reset engine, reason: 8
2026-03-23 18:46:13.249: [INFO][Sync] Stopped: Bookmarks
2026-03-23 18:46:13.249: [INFO][Sync] Stopped: Preferences
2026-03-23 18:46:13.249: [INFO][Sync] Stopped: Passwords
2026-03-23 18:46:13.249: [INFO][Sync] Stopped: Autofill Profiles
2026-03-23 18:46:13.249: [INFO][Sync] Stopped: Autofill
2026-03-23 18:46:13.249: [INFO][Sync] Stopped: Extensions
2026-03-23 18:46:13.249: [INFO][Sync] Stopped: Sessions
2026-03-23 18:46:13.249: [INFO][Sync] Stopped: Extension settings
2026-03-23 18:46:13.249: [INFO][Sync] Stopped: History Delete Directives
2026-03-23 18:46:13.249: [INFO][Sync] Stopped: Device Info
2026-03-23 18:46:13.249: [INFO][Sync] Stopped: User Consents
2026-03-23 18:46:13.249: [INFO][Sync] Stopped: Send Tab To Self
2026-03-23 18:46:13.249: [INFO][Sync] Stopped: Web Apps
2026-03-23 18:46:13.250: [INFO][Sync] Stopped: History
2026-03-23 18:46:13.250: [INFO][Sync] Stopped: Saved Tab Group
2026-03-23 18:46:13.250: [INFO][Sync] Stopped: WebAuthn Credentials
2026-03-23 18:46:13.250: [INFO][Sync] Stopped: Collection
2026-03-23 18:46:13.250: [INFO][Sync] Stopped: Edge E Drop
2026-03-23 18:46:13.250: [INFO][Sync] Stopped: Edge Hub App Usage
2026-03-23 18:46:13.250: [INFO][Sync] Stopped: Edge Wallet
2026-03-23 18:46:13.250: [INFO][Sync] Stopped: Edge Workspace
2026-03-23 18:46:13.250: [INFO][Sync] SyncState after authenticated was: NotSignedIn
2026-03-23 18:46:13.534: [INFO][Sync] Reset engine, reason: 8
2026-03-23 18:46:13.534: [INFO][Sync] Stopped: Bookmarks
2026-03-23 18:46:13.534: [INFO][Sync] Stopped: Preferences
2026-03-23 18:46:13.534: [INFO][Sync] Stopped: Passwords
2026-03-23 18:46:13.534: [INFO][Sync] Stopped: Autofill Profiles
2026-03-23 18:46:13.534: [INFO][Sync] Stopped: Autofill
2026-03-23 18:46:13.534: [INFO][Sync] Stopped: Extensions
2026-03-23 18:46:13.534: [INFO][Sync] Stopped: Sessions
2026-03-23 18:46:13.534: [INFO][Sync] Stopped: Extension settings
2026-03-23 18:46:13.534: [INFO][Sync] Stopped: History Delete Directives
2026-03-23 18:46:13.534: [INFO][Sync] Stopped: Device Info
2026-03-23 18:46:13.534: [INFO][Sync] Stopped: User Consents
2026-03-23 18:46:13.534: [INFO][Sync] Stopped: Send Tab To Self
2026-03-23 18:46:13.534: [INFO][Sync] Stopped: Web Apps
2026-03-23 18:46:13.534: [INFO][Sync] Stopped: History
2026-03-23 18:46:13.534: [INFO][Sync] Stopped: Saved Tab Group
2026-03-23 18:46:13.534: [INFO][Sync] Stopped: WebAuthn Credentials
2026-03-23 18:46:13.534: [INFO][Sync] Stopped: Collection
2026-03-23 18:46:13.534: [INFO][Sync] Stopped: Edge E Drop
2026-03-23 18:46:13.534: [INFO][Sync] Stopped: Edge Hub App Usage
2026-03-23 18:46:13.534: [INFO][Sync] Stopped: Edge Wallet
2026-03-23 18:46:13.534: [INFO][Sync] Stopped: Edge Workspace
